Determining if the pthread_create exist failed with the following output:
Change Dir: /home/workspace/Space_Invaders/build/CMakeFiles/CMakeTmp

Run Build Command:"/usr/bin/make" "cmTC_5cc7a/fast"
/usr/bin/make -f CMakeFiles/cmTC_5cc7a.dir/build.make CMakeFiles/cmTC_5cc7a.dir/build
make[1]: Entering directory '/home/workspace/Space_Invaders/build/CMakeFiles/CMakeTmp'
Building C object CMakeFiles/cmTC_5cc7a.dir/CheckSymbolExists.c.o
/usr/bin/cc    -o CMakeFiles/cmTC_5cc7a.dir/CheckSymbolExists.c.o   -c /home/workspace/Space_Invaders/build/CMakeFiles/CMakeTmp/CheckSymbolExists.c
Linking C executable cmTC_5cc7a
/usr/local/bin/cmake -E cmake_link_script CMakeFiles/cmTC_5cc7a.dir/link.txt --verbose=1
/usr/bin/cc      CMakeFiles/cmTC_5cc7a.dir/CheckSymbolExists.c.o  -o cmTC_5cc7a 
CMakeFiles/cmTC_5cc7a.dir/CheckSymbolExists.c.o: In function `main':
CheckSymbolExists.c:(.text+0x16): undefined reference to `pthread_create'
collect2: error: ld returned 1 exit status
CMakeFiles/cmTC_5cc7a.dir/build.make:86: recipe for target 'cmTC_5cc7a' failed
make[1]: *** [cmTC_5cc7a] Error 1
make[1]: Leaving directory '/home/workspace/Space_Invaders/build/CMakeFiles/CMakeTmp'
Makefile:121: recipe for target 'cmTC_5cc7a/fast' failed
make: *** [cmTC_5cc7a/fast] Error 2

File /home/workspace/Space_Invaders/build/CMakeFiles/CMakeTmp/CheckSymbolExists.c:
/* */
#include <pthread.h>

int main(int argc, char** argv)
{
  (void)argv;
#ifndef pthread_create
  return ((int*)(&pthread_create))[argc];
#else
  (void)argc;
  return 0;
#endif
}

Determining if the function pthread_create exists in the pthreads failed with the following output:
Change Dir: /home/workspace/Space_Invaders/build/CMakeFiles/CMakeTmp

Run Build Command:"/usr/bin/make" "cmTC_144fb/fast"
/usr/bin/make -f CMakeFiles/cmTC_144fb.dir/build.make CMakeFiles/cmTC_144fb.dir/build
make[1]: Entering directory '/home/workspace/Space_Invaders/build/CMakeFiles/CMakeTmp'
Building C object CMakeFiles/cmTC_144fb.dir/CheckFunctionExists.c.o
/usr/bin/cc   -DCHECK_FUNCTION_EXISTS=pthread_create   -o CMakeFiles/cmTC_144fb.dir/CheckFunctionExists.c.o   -c /usr/local/share/cmake-3.13/Modules/CheckFunctionExists.c
Linking C executable cmTC_144fb
/usr/local/bin/cmake -E cmake_link_script CMakeFiles/cmTC_144fb.dir/link.txt --verbose=1
/usr/bin/cc  -DCHECK_FUNCTION_EXISTS=pthread_create    CMakeFiles/cmTC_144fb.dir/CheckFunctionExists.c.o  -o cmTC_144fb -lpthreads 
/usr/bin/ld: cannot find -lpthreads
collect2: error: ld returned 1 exit status
CMakeFiles/cmTC_144fb.dir/build.make:86: recipe for target 'cmTC_144fb' failed
make[1]: *** [cmTC_144fb] Error 1
make[1]: Leaving directory '/home/workspace/Space_Invaders/build/CMakeFiles/CMakeTmp'
Makefile:121: recipe for target 'cmTC_144fb/fast' failed
make: *** [cmTC_144fb/fast] Error 2


